<?xml version="1.0" encoding="UTF-8"?>
<!-- Generated by org.testng.reporters.JUnitXMLReporter -->
<testsuite hostname="Miradels-MacBook-Pro.local" ignored="2" name="Automation Project Test" tests="1" failures="0" timestamp="24 Jun 2019 00:29:22 GMT" time="14.949" errors="0">
  <testcase name="test11" time="12.902" classname="com.ethoca.tests.test1"/>
  <testcase name="@BeforeTest setUpTest" time="0.0" classname="com.ethoca.utilities.TestBase">
    <ignored/>
  </testcase> <!-- @BeforeTest setUpTest -->
  <testcase name="@AfterTest tearDownTest" time="0.0" classname="com.ethoca.utilities.TestBase">
    <ignored/>
  </testcase> <!-- @AfterTest tearDownTest -->
</testsuite> <!-- Automation Project Test -->
